Sun Sep 03 2017 13:45:29 GMT+0700 (+07): GET /about
Sun Sep 03 2017 13:45:29 GMT+0700 (+07): GET /favicon.ico
Sun Sep 03 2017 13:52:26 GMT+0700 (+07): GET /about
Sun Sep 03 2017 13:52:26 GMT+0700 (+07): GET /favicon.ico
Sun Sep 03 2017 13:52:47 GMT+0700 (+07): GET /about
Sun Sep 03 2017 13:52:48 GMT+0700 (+07): GET /favicon.ico
Sun Sep 03 2017 13:52:52 GMT+0700 (+07): GET /
Sun Sep 03 2017 13:52:52 GMT+0700 (+07): GET /favicon.ico
Sun Sep 03 2017 13:53:57 GMT+0700 (+07): GET /favicon.ico
Sun Sep 03 2017 13:54:19 GMT+0700 (+07): GET /help.html
Sun Sep 03 2017 13:54:19 GMT+0700 (+07): GET /favicon.ico
Sun Sep 03 2017 14:34:47 GMT+0700 (+07): GET /
Sun Sep 03 2017 14:34:47 GMT+0700 (+07): GET /favicon.ico
Sun Sep 03 2017 14:34:51 GMT+0700 (+07): GET /
Sun Sep 03 2017 14:34:51 GMT+0700 (+07): GET /favicon.ico
Sun Sep 03 2017 14:34:52 GMT+0700 (+07): GET /project
Sun Sep 03 2017 14:34:52 GMT+0700 (+07): GET /favicon.ico
Sun Sep 03 2017 14:34:56 GMT+0700 (+07): GET /
Sun Sep 03 2017 14:34:56 GMT+0700 (+07): GET /favicon.ico
Sun Sep 03 2017 14:34:57 GMT+0700 (+07): GET /
Sun Sep 03 2017 14:34:57 GMT+0700 (+07): GET /favicon.ico
Sun Sep 03 2017 14:34:58 GMT+0700 (+07): GET /project
Sun Sep 03 2017 14:34:58 GMT+0700 (+07): GET /favicon.ico
Sun Sep 03 2017 14:34:59 GMT+0700 (+07): GET /about
Sun Sep 03 2017 14:34:59 GMT+0700 (+07): GET /favicon.ico
Sun Sep 03 2017 14:35:29 GMT+0700 (+07): GET /project
Sun Sep 03 2017 14:35:29 GMT+0700 (+07): GET /favicon.ico
Sun Sep 03 2017 14:36:06 GMT+0700 (+07): GET /project
Sun Sep 03 2017 14:36:06 GMT+0700 (+07): GET /favicon.ico
Sun Sep 03 2017 14:36:07 GMT+0700 (+07): GET /project
Sun Sep 03 2017 14:36:07 GMT+0700 (+07): GET /favicon.ico
Sun Sep 03 2017 14:40:39 GMT+0700 (+07): GET /
Sun Sep 03 2017 14:40:39 GMT+0700 (+07): GET /favicon.ico
Sun Sep 03 2017 14:40:44 GMT+0700 (+07): GET /projects
Sun Sep 03 2017 14:40:44 GMT+0700 (+07): GET /favicon.ico
Sun Sep 03 2017 14:40:44 GMT+0700 (+07): GET /
Sun Sep 03 2017 14:40:44 GMT+0700 (+07): GET /favicon.ico
Sun Sep 03 2017 14:40:45 GMT+0700 (+07): GET /projects
Sun Sep 03 2017 14:40:45 GMT+0700 (+07): GET /favicon.ico
Sun Sep 03 2017 14:40:46 GMT+0700 (+07): GET /about
Sun Sep 03 2017 14:40:46 GMT+0700 (+07): GET /favicon.ico
